<?xml version="1.0" encoding="UTF-8"?>
<testng-results ignored="0" total="1" passed="1" failed="0" skipped="0">
  <reporter-output>
  </reporter-output>
  <suite started-at="2024-05-17T19:44:07 IST" name="Default suite" finished-at="2024-05-17T19:44:32 IST" duration-ms="24995">
    <groups>
    </groups>
    <test started-at="2024-05-17T19:44:07 IST" name="Default test" finished-at="2024-05-17T19:44:32 IST" duration-ms="24995">
      <class name="com.nation.qa.testcases.LeadsTest">
        <test-method is-config="true" signature="setup()[pri:0, instance:com.nation.qa.testcases.LeadsTest@74e28667]" started-at="2024-05-17T19:44:07 IST" name="setup" finished-at="2024-05-17T19:44:22 IST" duration-ms="15259" status="PASS">
          <reporter-output>
          </reporter-output>
        </test-method> <!-- setup -->
        <test-method signature="Validate_By_Going_TO_lead_Page_and_Search_Lead_and_Print()[pri:1, instance:com.nation.qa.testcases.LeadsTest@74e28667]" started-at="2024-05-17T19:44:22 IST" name="Validate_By_Going_TO_lead_Page_and_Search_Lead_and_Print" finished-at="2024-05-17T19:44:32 IST" duration-ms="9576" status="PASS">
          <reporter-output>
          </reporter-output>
        </test-method> <!-- Validate_By_Going_TO_lead_Page_and_Search_Lead_and_Print -->
      </class> <!-- com.nation.qa.testcases.LeadsTest -->
    </test> <!-- Default test -->
  </suite> <!-- Default suite -->
</testng-results>
